2025-07-09 16:53:50,547:INFO:Initialized Binance Futures Testnet client
2025-07-09 16:53:50,548:INFO:Placing order: {'symbol': 'BTCUSDT', 'side': 'BUY', 'type': 'MARKET', 'quantity': 3.0}
2025-07-09 16:53:50,875:ERROR:Error placing order: APIError(code=-2015): Invalid API-key, IP, or permissions for action
2025-07-09 16:58:52,844:INFO:Initialized Binance Futures Testnet client
2025-07-09 16:58:52,845:INFO:[SIMULATION] Would place order with: {'symbol': 'BTCUSDT', 'side': 'BUY', 'type': 'MARKET', 'quantity': 3.0}
2025-07-09 16:58:52,845:INFO:[SIMULATION] Order response: {'symbol': 'BTCUSDT', 'side': 'BUY', 'type': 'MARKET', 'quantity': 3.0, 'price': 'market_price', 'status': 'FILLED', 'simulated': True}
2025-07-09 17:25:06,406:INFO:Initialized Binance Futures Testnet client
2025-07-09 17:25:06,407:INFO:[SIMULATION] Would place order with: {'symbol': 'ETHUSDT', 'side': 'SELL', 'type': 'LIMIT', 'quantity': 6.0, 'price': 3150.0}
2025-07-09 17:25:06,407:INFO:[SIMULATION] Order response: {'symbol': 'ETHUSDT', 'side': 'SELL', 'type': 'LIMIT', 'quantity': 6.0, 'price': 3150.0, 'status': 'FILLED', 'simulated': True}
2025-07-09 17:47:04,665:INFO:Initialized Binance Futures Testnet client
2025-07-09 17:47:04,665:INFO:[SIMULATION] Would place order with: {'symbol': 'ETHUSDT', 'side': 'BUY', 'type': 'MARKET', 'quantity': 6.0}
2025-07-09 17:47:04,666:INFO:[SIMULATION] Order response: {'symbol': 'ETHUSDT', 'side': 'BUY', 'type': 'MARKET', 'quantity': 6.0, 'price': 'market_price', 'status': 'FILLED', 'simulated': True}
2025-07-09 17:50:48,560:INFO:Initialized Binance Futures Testnet client
2025-07-09 17:50:48,561:INFO:Placing order: {'symbol': 'ETHUSDT', 'side': 'BUY', 'type': 'MARKET', 'quantity': 5.0}
2025-07-09 17:50:48,880:ERROR:Error placing order: APIError(code=-2015): Invalid API-key, IP, or permissions for action
2025-07-09 17:54:40,700:INFO:Initialized Binance Futures Testnet client
2025-07-09 17:54:40,701:INFO:Placing order: {'symbol': 'BTCUSDT', 'side': 'BUY', 'type': 'MARKET', 'quantity': 6.0}
2025-07-09 17:54:41,034:ERROR:Error placing order: APIError(code=-2015): Invalid API-key, IP, or permissions for action
2025-07-09 18:01:12,491:INFO:Initialized Binance Futures Testnet client
2025-07-09 18:01:12,492:INFO:Placing order: {'symbol': 'BTSUSDT', 'side': 'BUY', 'type': 'MARKET', 'quantity': 6.0}
2025-07-09 18:01:12,907:ERROR:Error placing order: APIError(code=-2015): Invalid API-key, IP, or permissions for action
2025-07-09 18:11:28,573:INFO:Initialized Binance Futures Testnet client
2025-07-09 18:11:28,575:INFO:Placing order: {'symbol': 'BTCUSDT', 'side': 'BUY', 'type': 'MARKET', 'quantity': 3.0}
2025-07-09 18:11:29,513:ERROR:Error placing order: APIError(code=-2015): Invalid API-key, IP, or permissions for action
2025-07-09 18:14:06,937:INFO:Initialized Binance Futures Testnet client
2025-07-09 18:14:06,938:INFO:Placing order: {'symbol': 'BTCUSDT', 'side': 'BUY', 'type': 'MARKET', 'quantity': 3.0}
2025-07-09 18:14:07,852:ERROR:Error placing order: APIError(code=-2015): Invalid API-key, IP, or permissions for action
2025-07-09 18:45:07,142:ERROR:Task was destroyed but it is pending!
task: <Task pending name='Task-3' coro=<Kernel.poll_control_queue() running at /media/shubh-k-pc/b8e7a583-e595-4c/mc/miniconda3/lib/python3.9/site-packages/ipykernel/kernelbase.py:304> wait_for=<Future finished result=<Future at 0x...state=pending>> cb=[_chain_future.<locals>._call_set_state() at /media/shubh-k-pc/b8e7a583-e595-4c/mc/miniconda3/lib/python3.9/asyncio/futures.py:391]>
2025-07-10 18:04:46,698 - INFO - Initialized Binance Futures Testnet client
2025-07-10 18:04:46,698 - INFO - [SIMULATION] Would place order with: {'symbol': 'BTCUSDT', 'side': 'BUY', 'type': 'MARKET', 'quantity': 3.0}
2025-07-10 18:04:46,698 - INFO - [SIMULATION] Order response: {'symbol': 'BTCUSDT', 'side': 'BUY', 'type': 'MARKET', 'quantity': 3.0, 'price': 'market_price', 'status': 'FILLED', 'simulated': True}
